[0503/091559.623:ERROR:process_info.cc(343)] VirtualQueryEx: Acceso denegado. (0x5)
[0503/091559.625:ERROR:process_info.cc(564)] ReadMemoryInfo failed
[0503/091559.626:ERROR:process_reader_win.cc(233)] ReadMemory at 0x7fef4823970 of 12 bytes failed: Sólo se completó una parte de una solicitud ReadProcessMemory o WriteProcessMemory. (0x12B)
[0503/091559.626:WARNING:process_snapshot_win.cc(68)] ReadMemory ExceptionInformation failed
[0503/091559.626:WARNING:crash_report_exception_handler.cc(60)] ProcessSnapshotWin::Initialize failed
[0503/091559.626:ERROR:scoped_process_suspend.cc(38)] NtResumeProcess: Se intentó obtener acceso a un proceso que está cerrándose.  (0xc000010a)
[0503/135127.036:ERROR:process_reader_win.cc(142)] SuspendThread: Acceso denegado. (0x5)
[0503/135127.036:ERROR:exception_snapshot_win.cc(87)] thread ID 5476 not found in process
[0503/135127.036:WARNING:crash_report_exception_handler.cc(60)] ProcessSnapshotWin::Initialize failed
[0503/135127.036:ERROR:scoped_process_suspend.cc(38)] NtResumeProcess: Se intentó obtener acceso a un proceso que está cerrándose.  (0xc000010a)
[0505/165232.629:ERROR:file_io.cc(41)] write: Se está cerrando la canalización. (0xE8)
[0526/090619.689:ERROR:scoped_process_suspend.cc(30)] NtSuspendProcess: Se intentó obtener acceso a un proceso que está cerrándose.  (0xc000010a)
[0526/090619.820:ERROR:process_info.cc(116)] ReadProcessMemory bool __cdecl crashpad::`anonymous-namespace'::ReadStruct<struct crashpad::process_types::PEB<struct crashpad::process_types::internal::Traits64>>(void *,unsigned __int64,struct crashpad::process_types::PEB<struct crashpad::process_types::internal::Traits64> *): Sólo se completó una parte de una solicitud ReadProcessMemory o WriteProcessMemory. (0x12B)
[0526/090619.821:ERROR:process_info.cc(559)] ReadProcessData failed
[0526/090619.821:ERROR:process_reader_win.cc(233)] ReadMemory at 0x7feeeac2968 of 12 bytes failed: Sólo se completó una parte de una solicitud ReadProcessMemory o WriteProcessMemory. (0x12B)
[0526/090619.821:WARNING:process_snapshot_win.cc(68)] ReadMemory ExceptionInformation failed
[0526/090619.821:WARNING:crash_report_exception_handler.cc(60)] ProcessSnapshotWin::Initialize failed
[1207/103654.799:ERROR:file_io.cc(134)] WriteFile: Se está cerrando la canalización. (0xE8)
[1219/160359.955:ERROR:settings.cc(258)] Settings magic is not 1129342067
[0103/115205.487:ERROR:file_io.cc(134)] WriteFile: Se está cerrando la canalización. (0xE8)
[0122/171952.752:ERROR:settings.cc(258)] Settings magic is not 1129342067
[0215/102229.447:ERROR:file_io.cc(134)] WriteFile: Se está cerrando la canalización. (0xE8)
